Build started 11-08-2018 14:18:31.
     1>Project "C:\Users\vita1\Desktop\FleetService\ConsoleApplication9\ConsoleApplication9\ConsoleApplication9.vcxproj" on node 2 (ClCompile target(s)).
     1>ClCompile:
         C:\Program Files\Microsoft Visual Studio 11.0\VC\bin\CL.exe /c /ZI /nologo /W3 /WX- /Od /Oy- /D WIN32 /D _DEBUG /D _CONSOLE /D _UNICODE /D UNICODE /Gm /EHsc /RTC1 /MDd /GS /fp:precise /Zc:wchar_t /Zc:forScope /Fo"Debug\\" /Fd"Debug\vc110.pdb" /Gd /TC /analyze- /errorReport:prompt add.c
         add.c
     1>c:\users\vita1\desktop\fleetservice\consoleapplication9\consoleapplication9\add.c(14): warning C4996: 'scanf': This function or variable may be unsafe. Consider using scanf_s instead. To disable deprecation, use _CRT_SECURE_NO_WARNINGS. See online help for details.
                 c:\program files\microsoft visual studio 11.0\vc\include\stdio.h(290) : see declaration of 'scanf'
     1>c:\users\vita1\desktop\fleetservice\consoleapplication9\consoleapplication9\add.c(15): error C2143: syntax error : missing ')' before 'type'
     1>c:\users\vita1\desktop\fleetservice\consoleapplication9\consoleapplication9\add.c(15): error C2198: 'add' : too few arguments for call
     1>c:\users\vita1\desktop\fleetservice\consoleapplication9\consoleapplication9\add.c(15): error C2059: syntax error : ')'
     1>Done Building Project "C:\Users\vita1\Desktop\FleetService\ConsoleApplication9\ConsoleApplication9\ConsoleApplication9.vcxproj" (ClCompile target(s)) -- FAILED.

Build FAILED.

Time Elapsed 00:00:00.08
